<?xml version="1.0" encoding="UTF-8"?>
<!-- Generated by org.testng.reporters.JUnitReportReporter -->
<testsuite hostname="DESKTOP-RO8P4O0" failures="0" tests="1" name="SecureUrlandz.login.login" time="11.420" errors="0" timestamp="2022-03-21T09:44:44 IST" skipped="0">
  <testcase classname="SecureUrlandz.login.login" name="launch" time="11.420"/>
  <system-out/>
</testsuite> <!-- SecureUrlandz.login.login -->
